\BOOKMARK [0][-]{chapter.1}{TODO}{}% 1
\BOOKMARK [0][-]{chapter.2}{Aufgabenstellung}{}% 2
\BOOKMARK [0][-]{chapter.3}{Hardware}{}% 3
\BOOKMARK [1][-]{section.3.1}{Ultraschallsensor}{chapter.3}% 4
\BOOKMARK [1][-]{section.3.2}{Display}{chapter.3}% 5
\BOOKMARK [1][-]{section.3.3}{FPGA-Board}{chapter.3}% 6
\BOOKMARK [0][-]{chapter.4}{Protokolle}{}% 7
\BOOKMARK [1][-]{section.4.1}{UART}{chapter.4}% 8
\BOOKMARK [1][-]{section.4.2}{I\262C}{chapter.4}% 9
\BOOKMARK [1][-]{section.4.3}{SPI}{chapter.4}% 10
\BOOKMARK [0][-]{chapter.5}{Vorgehen}{}% 11
\BOOKMARK [1][-]{section.5.1}{Aktivieren des Ultraschallsensors}{chapter.5}% 12
\BOOKMARK [1][-]{section.5.2}{Messwerte auslesen}{chapter.5}% 13
\BOOKMARK [1][-]{section.5.3}{Filtern}{chapter.5}% 14
\BOOKMARK [1][-]{section.5.4}{Display ein- und ausschalten}{chapter.5}% 15
\BOOKMARK [1][-]{section.5.5}{Ausgabe einfacher Strings auf dem Display}{chapter.5}% 16
\BOOKMARK [1][-]{section.5.6}{Ausgeben der Messwerte auf dem Display}{chapter.5}% 17
\BOOKMARK [0][-]{chapter.6}{Implementierung}{}% 18
\BOOKMARK [1][-]{section.6.1}{Aktivieren des Ultraschallsensors}{chapter.6}% 19
\BOOKMARK [1][-]{section.6.2}{Messwerte auslesen}{chapter.6}% 20
\BOOKMARK [1][-]{section.6.3}{Filtern}{chapter.6}% 21
\BOOKMARK [1][-]{section.6.4}{Display ein- und ausschalten}{chapter.6}% 22
\BOOKMARK [1][-]{section.6.5}{Ausgabe einfacher Strings auf dem Display}{chapter.6}% 23
\BOOKMARK [1][-]{section.6.6}{Ausgeben der Messwerte auf dem Display}{chapter.6}% 24
\BOOKMARK [0][-]{chapter.7}{Herausforderungen}{}% 25
